<?xml version="1.0" encoding="UTF-8"?>
<!-- Generated by org.testng.reporters.JUnitReportReporter -->
<testsuite skipped="0" hostname="HIPUNL69713" name="com.stc.Feb2020.com.stc.Feb2020.sp.InvokeApp" tests="1" failures="0" timestamp="24 Jan 2020 11:11:20 GMT" time="24.302" errors="0">
  <testcase name="f" time="24.302" classname="com.stc.Feb2020.com.stc.Feb2020.sp.InvokeApp"/>
</testsuite> <!-- com.stc.Feb2020.com.stc.Feb2020.sp.InvokeApp -->
